2025-10-30 13:20:23,021 - INFO - Enhanced Topology Parser initialized
2025-10-30 13:20:23,021 - INFO - Enhanced topology parser available - using comprehensive metrics
2025-10-30 13:20:23,061 - INFO - Hybrid ResiLink Implementation initialized (reward threshold: 0.95)
2025-10-30 13:20:23,061 - INFO - === ACADEMIC PARAMETER JUSTIFICATION ===
2025-10-30 13:20:23,061 - INFO - GNN Weight (60%): Veličković et al. (2018) - GAT achieves 95%+ accuracy on graph tasks
2025-10-30 13:20:23,061 - INFO - RL Weight (40%): Sutton & Barto (2018) - 60/40 exploitation/exploration optimal
2025-10-30 13:20:23,061 - INFO - Reward Threshold: Fiedler (1973) - 95% connectivity ensures network robustness
2025-10-30 13:20:23,061 - INFO - Cycle Design: Robbins & Monro (1951) - Stochastic approximation convergence theory
2025-10-30 13:20:23,061 - INFO - Feature Dimensions: Freeman (1977) + ITU-T standards - Comprehensive network characterization
2025-10-30 13:20:23,061 - INFO - Quality Metrics: Albert et al. (2000) + Latora & Marchiori (2001) - Multi-dimensional assessment
2025-10-30 13:20:23,061 - INFO - ========================================
2025-10-30 13:20:23,062 - INFO - Starting hybrid optimization cycle
2025-10-30 13:20:23,239 - INFO - Extracted features: 48 switches, 4 hosts, 112 links
2025-10-30 13:20:23,281 - WARNING - Failed to enhance network data with comprehensive metrics: 'int' object has no attribute 'get'
2025-10-30 13:20:23,310 - INFO - Initial network state captured for comparison analysis
2025-10-30 13:20:23,310 - INFO - Found 1064 candidate links (excluding 0 already suggested)
2025-10-30 13:20:23,747 - INFO - Found 1064 candidate links (excluding 0 already suggested)
2025-10-30 13:20:23,759 - INFO - Optimization completed: suggested link 32-39
2025-10-30 13:20:53,779 - INFO - Starting hybrid optimization cycle
2025-10-30 13:20:53,980 - INFO - Extracted features: 48 switches, 4 hosts, 112 links
2025-10-30 13:20:54,012 - WARNING - Failed to enhance network data with comprehensive metrics: 'int' object has no attribute 'get'
2025-10-30 13:20:54,040 - INFO - Found 1063 candidate links (excluding 1 already suggested)
2025-10-30 13:20:54,692 - INFO - Found 1063 candidate links (excluding 1 already suggested)
2025-10-30 13:20:54,703 - INFO - Optimization completed: suggested link 31-40
2025-10-30 13:21:24,724 - INFO - Starting hybrid optimization cycle
2025-10-30 13:21:24,928 - INFO - Extracted features: 48 switches, 4 hosts, 112 links
2025-10-30 13:21:24,966 - WARNING - Failed to enhance network data with comprehensive metrics: 'int' object has no attribute 'get'
2025-10-30 13:21:24,994 - INFO - Found 1062 candidate links (excluding 2 already suggested)
2025-10-30 13:21:25,645 - INFO - Found 1062 candidate links (excluding 2 already suggested)
2025-10-30 13:21:25,656 - INFO - Optimization completed: suggested link 40-43
2025-10-30 13:21:55,687 - INFO - Starting hybrid optimization cycle
2025-10-30 13:21:55,885 - INFO - Extracted features: 48 switches, 4 hosts, 112 links
2025-10-30 13:21:55,915 - WARNING - Failed to enhance network data with comprehensive metrics: 'int' object has no attribute 'get'
2025-10-30 13:21:55,952 - INFO - Found 1061 candidate links (excluding 3 already suggested)
2025-10-30 13:21:56,586 - INFO - Found 1061 candidate links (excluding 3 already suggested)
2025-10-30 13:21:56,598 - INFO - Optimization completed: suggested link 44-48
2025-10-30 13:22:26,628 - INFO - Starting hybrid optimization cycle
2025-10-30 13:22:26,829 - INFO - Extracted features: 48 switches, 4 hosts, 112 links
2025-10-30 13:22:26,860 - WARNING - Failed to enhance network data with comprehensive metrics: 'int' object has no attribute 'get'
2025-10-30 13:22:26,896 - INFO - Found 1060 candidate links (excluding 4 already suggested)
2025-10-30 13:22:27,548 - INFO - Found 1060 candidate links (excluding 4 already suggested)
2025-10-30 13:22:27,560 - INFO - Optimization completed: suggested link 39-45
2025-10-30 15:12:49,897 - INFO - Enhanced Topology Parser initialized
2025-10-30 15:12:49,897 - INFO - Enhanced topology parser available - using comprehensive metrics
2025-10-30 15:12:49,938 - INFO - Hybrid ResiLink Implementation initialized (reward threshold: 0.95)
2025-10-30 15:12:49,938 - INFO - === ACADEMIC PARAMETER JUSTIFICATION ===
2025-10-30 15:12:49,938 - INFO - GNN Weight (60%): Veličković et al. (2018) - GAT achieves 95%+ accuracy on graph tasks
2025-10-30 15:12:49,938 - INFO - RL Weight (40%): Sutton & Barto (2018) - 60/40 exploitation/exploration optimal
2025-10-30 15:12:49,938 - INFO - Reward Threshold: Fiedler (1973) - 95% connectivity ensures network robustness
2025-10-30 15:12:49,938 - INFO - Cycle Design: Robbins & Monro (1951) - Stochastic approximation convergence theory
2025-10-30 15:12:49,938 - INFO - Feature Dimensions: Freeman (1977) + ITU-T standards - Comprehensive network characterization
2025-10-30 15:12:49,938 - INFO - Quality Metrics: Albert et al. (2000) + Latora & Marchiori (2001) - Multi-dimensional assessment
2025-10-30 15:12:49,938 - INFO - ========================================
2025-10-30 15:12:49,938 - INFO - Starting hybrid optimization cycle
2025-10-30 15:12:50,100 - INFO - Extracted features: 48 switches, 6 hosts, 130 links
2025-10-30 15:12:50,144 - INFO - Enhanced network data with comprehensive academic metrics
2025-10-30 15:12:50,174 - INFO - Initial network state captured for comparison analysis
2025-10-30 15:12:50,174 - INFO - Found 1064 candidate links (excluding 0 already suggested)
2025-10-30 15:12:50,840 - INFO - Found 1064 candidate links (excluding 0 already suggested)
2025-10-30 15:12:50,852 - INFO - Optimization completed: suggested link 35-28
2025-10-30 15:13:20,881 - INFO - Starting hybrid optimization cycle
2025-10-30 15:13:21,078 - INFO - Extracted features: 48 switches, 6 hosts, 118 links
2025-10-30 15:13:21,111 - INFO - Enhanced network data with comprehensive academic metrics
2025-10-30 15:13:21,140 - INFO - Found 1063 candidate links (excluding 1 already suggested)
2025-10-30 15:13:21,557 - INFO - Found 1063 candidate links (excluding 1 already suggested)
2025-10-30 15:13:21,569 - INFO - Optimization completed: suggested link 40-33
2025-10-30 15:13:51,584 - INFO - Starting hybrid optimization cycle
2025-10-30 15:13:51,763 - INFO - Extracted features: 48 switches, 6 hosts, 112 links
2025-10-30 15:13:51,795 - INFO - Enhanced network data with comprehensive academic metrics
2025-10-30 15:13:51,831 - INFO - Found 1062 candidate links (excluding 2 already suggested)
2025-10-30 15:13:52,458 - INFO - Found 1062 candidate links (excluding 2 already suggested)
2025-10-30 15:13:52,470 - INFO - Optimization completed: suggested link 7-33
2025-10-30 15:14:22,500 - INFO - Starting hybrid optimization cycle
2025-10-30 15:14:22,705 - INFO - Extracted features: 48 switches, 6 hosts, 112 links
2025-10-30 15:14:22,745 - INFO - Enhanced network data with comprehensive academic metrics
2025-10-30 15:14:22,775 - INFO - Found 1061 candidate links (excluding 3 already suggested)
2025-10-30 15:14:23,441 - INFO - Found 1061 candidate links (excluding 3 already suggested)
2025-10-30 15:14:23,454 - INFO - Optimization completed: suggested link 36-40
2025-10-30 15:14:53,469 - INFO - Starting hybrid optimization cycle
2025-10-30 15:14:53,677 - INFO - Extracted features: 48 switches, 6 hosts, 112 links
2025-10-30 15:14:53,716 - INFO - Enhanced network data with comprehensive academic metrics
2025-10-30 15:14:53,762 - INFO - Found 1060 candidate links (excluding 4 already suggested)
2025-10-30 15:14:54,426 - INFO - Found 1060 candidate links (excluding 4 already suggested)
2025-10-30 15:14:54,439 - INFO - Optimization completed: suggested link 36-28
2025-10-30 15:35:07,236 - INFO - Enhanced Topology Parser initialized
2025-10-30 15:35:07,236 - INFO - Enhanced topology parser available - using comprehensive metrics
2025-10-30 15:35:07,270 - INFO - Hybrid ResiLink Implementation initialized (reward threshold: 0.95)
2025-10-30 15:35:07,270 - INFO - === ACADEMIC PARAMETER JUSTIFICATION ===
2025-10-30 15:35:07,270 - INFO - GNN Weight (60%): Veličković et al. (2018) - GAT achieves 95%+ accuracy on graph tasks
2025-10-30 15:35:07,270 - INFO - RL Weight (40%): Sutton & Barto (2018) - 60/40 exploitation/exploration optimal
2025-10-30 15:35:07,270 - INFO - Reward Threshold: Fiedler (1973) - 95% connectivity ensures network robustness
2025-10-30 15:35:07,270 - INFO - Cycle Design: Robbins & Monro (1951) - Stochastic approximation convergence theory
2025-10-30 15:35:07,270 - INFO - Feature Dimensions: Freeman (1977) + ITU-T standards - Comprehensive network characterization
2025-10-30 15:35:07,270 - INFO - Quality Metrics: Albert et al. (2000) + Latora & Marchiori (2001) - Multi-dimensional assessment
2025-10-30 15:35:07,270 - INFO - ========================================
2025-10-30 15:35:07,270 - INFO - Starting hybrid optimization cycle
2025-10-30 15:35:07,446 - INFO - Extracted features: 48 switches, 4 hosts, 130 links
2025-10-30 15:35:07,479 - INFO - Enhanced network data with comprehensive academic metrics
2025-10-30 15:35:07,507 - INFO - Initial network state captured for comparison analysis
2025-10-30 15:35:07,508 - INFO - Found 1064 candidate links (excluding 0 already suggested)
2025-10-30 15:35:08,133 - INFO - Found 1064 candidate links (excluding 0 already suggested)
2025-10-30 15:35:08,144 - INFO - Optimization completed: suggested link 5-29
2025-10-30 15:35:38,177 - INFO - Starting hybrid optimization cycle
2025-10-30 15:35:38,410 - INFO - Extracted features: 48 switches, 4 hosts, 112 links
2025-10-30 15:35:38,445 - INFO - Enhanced network data with comprehensive academic metrics
2025-10-30 15:35:38,482 - INFO - Found 1063 candidate links (excluding 1 already suggested)
2025-10-30 15:35:39,159 - INFO - Found 1063 candidate links (excluding 1 already suggested)
2025-10-30 15:35:39,170 - INFO - Optimization completed: suggested link 9-13
2025-10-30 15:36:09,186 - INFO - Starting hybrid optimization cycle
2025-10-30 15:36:09,389 - INFO - Extracted features: 48 switches, 4 hosts, 112 links
2025-10-30 15:36:09,422 - INFO - Enhanced network data with comprehensive academic metrics
2025-10-30 15:36:09,451 - INFO - Found 1062 candidate links (excluding 2 already suggested)
2025-10-30 15:36:10,115 - INFO - Found 1062 candidate links (excluding 2 already suggested)
2025-10-30 15:36:10,127 - INFO - Optimization completed: suggested link 2-33
2025-10-30 15:36:40,143 - INFO - Starting hybrid optimization cycle
2025-10-30 15:36:40,358 - INFO - Extracted features: 48 switches, 4 hosts, 112 links
2025-10-30 15:36:40,391 - INFO - Enhanced network data with comprehensive academic metrics
2025-10-30 15:36:40,419 - INFO - Found 1061 candidate links (excluding 3 already suggested)
2025-10-30 15:36:40,842 - INFO - Found 1061 candidate links (excluding 3 already suggested)
2025-10-30 15:36:40,854 - INFO - Optimization completed: suggested link 7-17
2025-10-30 15:37:10,857 - INFO - Starting hybrid optimization cycle
2025-10-30 15:37:11,047 - INFO - Extracted features: 48 switches, 4 hosts, 112 links
2025-10-30 15:37:11,079 - INFO - Enhanced network data with comprehensive academic metrics
2025-10-30 15:37:11,108 - INFO - Found 1060 candidate links (excluding 4 already suggested)
2025-10-30 15:37:11,511 - INFO - Found 1060 candidate links (excluding 4 already suggested)
2025-10-30 15:37:11,523 - INFO - Optimization completed: suggested link 1-16
2025-10-30 15:40:30,604 - INFO - Enhanced Topology Parser initialized
2025-10-30 15:40:30,604 - INFO - Enhanced topology parser available - using comprehensive metrics
2025-10-30 15:40:30,636 - INFO - Hybrid ResiLink Implementation initialized (reward threshold: 0.95)
2025-10-30 15:40:30,636 - INFO - === ACADEMIC PARAMETER JUSTIFICATION ===
2025-10-30 15:40:30,636 - INFO - GNN Weight (60%): Veličković et al. (2018) - GAT achieves 95%+ accuracy on graph tasks
2025-10-30 15:40:30,636 - INFO - RL Weight (40%): Sutton & Barto (2018) - 60/40 exploitation/exploration optimal
2025-10-30 15:40:30,636 - INFO - Reward Threshold: Fiedler (1973) - 95% connectivity ensures network robustness
2025-10-30 15:40:30,636 - INFO - Cycle Design: Robbins & Monro (1951) - Stochastic approximation convergence theory
2025-10-30 15:40:30,636 - INFO - Feature Dimensions: Freeman (1977) + ITU-T standards - Comprehensive network characterization
2025-10-30 15:40:30,636 - INFO - Quality Metrics: Albert et al. (2000) + Latora & Marchiori (2001) - Multi-dimensional assessment
2025-10-30 15:40:30,636 - INFO - ========================================
2025-10-30 15:40:30,636 - INFO - Starting hybrid optimization cycle
2025-10-30 15:40:30,812 - INFO - Extracted features: 48 switches, 4 hosts, 112 links
2025-10-30 15:40:30,848 - INFO - Enhanced network data with comprehensive academic metrics
2025-10-30 15:40:30,878 - INFO - Initial network state captured for comparison analysis
2025-10-30 15:40:30,879 - INFO - Found 1064 candidate links (excluding 0 already suggested)
2025-10-30 15:40:31,610 - INFO - Found 1064 candidate links (excluding 0 already suggested)
2025-10-30 15:40:31,622 - INFO - Optimization completed: suggested link 32-48
2025-10-30 15:41:01,660 - INFO - Starting hybrid optimization cycle
2025-10-30 15:41:01,870 - INFO - Extracted features: 48 switches, 4 hosts, 112 links
2025-10-30 15:41:01,914 - INFO - Enhanced network data with comprehensive academic metrics
2025-10-30 15:41:01,941 - INFO - Found 1063 candidate links (excluding 1 already suggested)
2025-10-30 15:41:02,701 - INFO - Found 1063 candidate links (excluding 1 already suggested)
2025-10-30 15:41:02,714 - INFO - Optimization completed: suggested link 35-45
2025-10-30 15:41:32,744 - INFO - Starting hybrid optimization cycle
2025-10-30 15:41:32,944 - INFO - Extracted features: 48 switches, 4 hosts, 112 links
2025-10-30 15:41:32,977 - INFO - Enhanced network data with comprehensive academic metrics
2025-10-30 15:41:33,014 - INFO - Found 1062 candidate links (excluding 2 already suggested)
2025-10-30 15:41:33,435 - INFO - Found 1062 candidate links (excluding 2 already suggested)
2025-10-30 15:41:33,448 - INFO - Optimization completed: suggested link 33-48
2025-10-30 15:42:03,454 - INFO - Starting hybrid optimization cycle
2025-10-30 15:42:03,694 - INFO - Extracted features: 48 switches, 4 hosts, 112 links
2025-10-30 15:42:03,732 - INFO - Enhanced network data with comprehensive academic metrics
2025-10-30 15:42:03,782 - INFO - Found 1061 candidate links (excluding 3 already suggested)
2025-10-30 15:42:04,530 - INFO - Found 1061 candidate links (excluding 3 already suggested)
2025-10-30 15:42:04,545 - INFO - Optimization completed: suggested link 29-37
2025-10-30 15:42:34,580 - INFO - Starting hybrid optimization cycle
2025-10-30 15:42:34,802 - INFO - Extracted features: 48 switches, 4 hosts, 112 links
2025-10-30 15:42:34,838 - INFO - Enhanced network data with comprehensive academic metrics
2025-10-30 15:42:34,866 - INFO - Found 1060 candidate links (excluding 4 already suggested)
2025-10-30 15:42:35,654 - INFO - Found 1060 candidate links (excluding 4 already suggested)
2025-10-30 15:42:35,665 - INFO - Optimization completed: suggested link 37-45
2025-10-30 15:43:05,676 - INFO - Starting hybrid optimization cycle
2025-10-30 15:43:05,887 - INFO - Extracted features: 48 switches, 4 hosts, 112 links
2025-10-30 15:43:05,925 - INFO - Enhanced network data with comprehensive academic metrics
2025-10-30 15:43:05,956 - INFO - Found 1059 candidate links (excluding 5 already suggested)
2025-10-30 15:43:06,768 - INFO - Found 1059 candidate links (excluding 5 already suggested)
2025-10-30 15:43:06,780 - INFO - Optimization completed: suggested link 26-32
2025-10-30 15:43:36,812 - INFO - Starting hybrid optimization cycle
2025-10-30 15:43:37,012 - INFO - Extracted features: 48 switches, 4 hosts, 112 links
2025-10-30 15:43:37,049 - INFO - Enhanced network data with comprehensive academic metrics
2025-10-30 15:43:37,084 - INFO - Found 1058 candidate links (excluding 6 already suggested)
2025-10-30 15:43:37,834 - INFO - Found 1058 candidate links (excluding 6 already suggested)
2025-10-30 15:43:37,846 - INFO - Optimization completed: suggested link 35-39
2025-10-30 15:50:00,524 - INFO - Enhanced Topology Parser initialized
2025-10-30 15:50:00,524 - INFO - Enhanced topology parser available - using comprehensive metrics
2025-10-30 15:50:00,558 - INFO - Hybrid ResiLink Implementation initialized (reward threshold: 0.95)
2025-10-30 15:50:00,558 - INFO - === ACADEMIC PARAMETER JUSTIFICATION ===
2025-10-30 15:50:00,559 - INFO - GNN Weight (60%): Veličković et al. (2018) - GAT achieves 95%+ accuracy on graph tasks
2025-10-30 15:50:00,559 - INFO - RL Weight (40%): Sutton & Barto (2018) - 60/40 exploitation/exploration optimal
2025-10-30 15:50:00,559 - INFO - Reward Threshold: Fiedler (1973) - 95% connectivity ensures network robustness
2025-10-30 15:50:00,559 - INFO - Cycle Design: Robbins & Monro (1951) - Stochastic approximation convergence theory
2025-10-30 15:50:00,559 - INFO - Feature Dimensions: Freeman (1977) + ITU-T standards - Comprehensive network characterization
2025-10-30 15:50:00,559 - INFO - Quality Metrics: Albert et al. (2000) + Latora & Marchiori (2001) - Multi-dimensional assessment
2025-10-30 15:50:00,559 - INFO - ========================================
2025-10-30 15:50:00,559 - INFO - Starting hybrid optimization cycle
2025-10-30 15:50:00,736 - INFO - Extracted features: 48 switches, 4 hosts, 112 links
2025-10-30 15:50:00,770 - INFO - Enhanced network data with comprehensive academic metrics
2025-10-30 15:50:00,798 - INFO - Initial network state captured for comparison analysis
2025-10-30 15:50:00,799 - INFO - Found 1064 candidate links (excluding 0 already suggested)
2025-10-30 15:50:01,467 - INFO - Found 1064 candidate links (excluding 0 already suggested)
2025-10-30 15:50:01,479 - INFO - Optimization completed: suggested link 1-23
2025-10-30 15:50:31,488 - INFO - Starting hybrid optimization cycle
2025-10-30 15:50:31,690 - INFO - Extracted features: 48 switches, 4 hosts, 112 links
2025-10-30 15:50:31,722 - INFO - Enhanced network data with comprehensive academic metrics
2025-10-30 15:50:31,749 - INFO - Found 1063 candidate links (excluding 1 already suggested)
2025-10-30 15:50:32,393 - INFO - Found 1063 candidate links (excluding 1 already suggested)
2025-10-30 15:50:32,404 - INFO - Optimization completed: suggested link 2-38
2025-10-30 15:51:02,437 - INFO - Starting hybrid optimization cycle
2025-10-30 15:51:02,643 - INFO - Extracted features: 48 switches, 4 hosts, 112 links
2025-10-30 15:51:02,680 - INFO - Enhanced network data with comprehensive academic metrics
2025-10-30 15:51:02,715 - INFO - Found 1062 candidate links (excluding 2 already suggested)
2025-10-30 15:51:03,390 - INFO - Found 1062 candidate links (excluding 2 already suggested)
2025-10-30 15:51:03,401 - INFO - Optimization completed: suggested link 3-37
2025-10-30 15:51:33,432 - INFO - Starting hybrid optimization cycle
2025-10-30 15:51:33,664 - INFO - Extracted features: 48 switches, 4 hosts, 112 links
2025-10-30 15:51:33,700 - INFO - Enhanced network data with comprehensive academic metrics
2025-10-30 15:51:33,734 - INFO - Found 1061 candidate links (excluding 3 already suggested)
2025-10-30 15:51:34,352 - INFO - Found 1061 candidate links (excluding 3 already suggested)
2025-10-30 15:51:34,363 - INFO - Optimization completed: suggested link 2-6
2025-10-30 15:52:04,379 - INFO - Starting hybrid optimization cycle
2025-10-30 15:52:04,583 - INFO - Extracted features: 48 switches, 4 hosts, 112 links
2025-10-30 15:52:04,616 - INFO - Enhanced network data with comprehensive academic metrics
2025-10-30 15:52:04,650 - INFO - Found 1060 candidate links (excluding 4 already suggested)
2025-10-30 15:52:05,314 - INFO - Found 1060 candidate links (excluding 4 already suggested)
2025-10-30 15:52:05,325 - INFO - Optimization completed: suggested link 1-4
2025-10-30 15:52:35,345 - INFO - Starting hybrid optimization cycle
2025-10-30 15:52:35,547 - INFO - Extracted features: 48 switches, 4 hosts, 112 links
2025-10-30 15:52:35,586 - INFO - Enhanced network data with comprehensive academic metrics
2025-10-30 15:52:35,620 - INFO - Found 1059 candidate links (excluding 5 already suggested)
2025-10-30 15:52:36,287 - INFO - Found 1059 candidate links (excluding 5 already suggested)
2025-10-30 15:52:36,299 - INFO - Optimization completed: suggested link 1-44
2025-10-30 15:53:06,318 - INFO - Starting hybrid optimization cycle
2025-10-30 15:53:06,517 - INFO - Extracted features: 48 switches, 4 hosts, 112 links
2025-10-30 15:53:06,548 - INFO - Enhanced network data with comprehensive academic metrics
2025-10-30 15:53:06,582 - INFO - Found 1058 candidate links (excluding 6 already suggested)
2025-10-30 15:53:07,216 - INFO - Found 1058 candidate links (excluding 6 already suggested)
2025-10-30 15:53:07,228 - INFO - Optimization completed: suggested link 2-27
